<?xml version="1.0" encoding="UTF-8"?>
<testng-results ignored="0" total="5" passed="4" failed="1" skipped="0">
  <reporter-output>
  </reporter-output>
  <suite started-at="2024-10-21T12:22:03 SAST" name="flight-reservation" finished-at="2024-10-21T12:22:17 SAST" duration-ms="14615">
    <groups>
    </groups>
    <test started-at="2024-10-21T12:22:03 SAST" name="passengers-count" finished-at="2024-10-21T12:22:17 SAST" duration-ms="14615">
      <class name="com.thabangs.tests.flightreservation.FlightReservationTest">
        <test-method is-config="true" signature="setDriver(java.lang.String,java.lang.String,java.lang.String,java.lang.String)[pri:0, instance:com.thabangs.tests.flightreservation.FlightReservationTest@68c9d179]" started-at="2024-10-21T12:22:03 SAST" name="setDriver" finished-at="2024-10-21T12:22:06 SAST" duration-ms="3164" status="PASS">
          <params>
            <param index="0">
              <value>
                <![CDATA[$584 USD]]>
              </value>
            </param>
            <param index="1">
              <value>
                <![CDATA[$1169 USD]]>
              </value>
            </param>
            <param index="2">
              <value>
                <![CDATA[$1753 USD]]>
              </value>
            </param>
            <param index="3">
              <value>
                <![CDATA[$2338 USD]]>
              </value>
            </param>
          </params>
          <reporter-output>
          </reporter-output>
        </test-method> <!-- setDriver -->
        <test-method signature="userRegistrationTest()[pri:0, instance:com.thabangs.tests.flightreservation.FlightReservationTest@68c9d179]" started-at="2024-10-21T12:22:06 SAST" name="userRegistrationTest" finished-at="2024-10-21T12:22:08 SAST" duration-ms="2269" status="PASS">
          <reporter-output>
          </reporter-output>
        </test-method> <!-- userRegistrationTest -->
        <test-method signature="registrationConfirmationPageTest()[pri:0, instance:com.thabangs.tests.flightreservation.FlightReservationTest@68c9d179]" started-at="2024-10-21T12:22:08 SAST" name="registrationConfirmationPageTest" finished-at="2024-10-21T12:22:09 SAST" depends-on-methods="com.thabangs.tests.flightreservation.FlightReservationTest.userRegistrationTest" duration-ms="1109" status="PASS">
          <reporter-output>
          </reporter-output>
        </test-method> <!-- registrationConfirmationPageTest -->
        <test-method signature="flightSearchPageTest()[pri:0, instance:com.thabangs.tests.flightreservation.FlightReservationTest@68c9d179]" started-at="2024-10-21T12:22:09 SAST" name="flightSearchPageTest" finished-at="2024-10-21T12:22:13 SAST" depends-on-methods="com.thabangs.tests.flightreservation.FlightReservationTest.registrationConfirmationPageTest" duration-ms="3242" status="PASS">
          <reporter-output>
          </reporter-output>
        </test-method> <!-- flightSearchPageTest -->
        <test-method signature="selectFlightPageTest()[pri:0, instance:com.thabangs.tests.flightreservation.FlightReservationTest@68c9d179]" started-at="2024-10-21T12:22:13 SAST" name="selectFlightPageTest" finished-at="2024-10-21T12:22:15 SAST" depends-on-methods="com.thabangs.tests.flightreservation.FlightReservationTest.flightSearchPageTest" duration-ms="2318" status="PASS">
          <reporter-output>
          </reporter-output>
        </test-method> <!-- selectFlightPageTest -->
        <test-method signature="flightConfirmationPageTest()[pri:0, instance:com.thabangs.tests.flightreservation.FlightReservationTest@68c9d179]" started-at="2024-10-21T12:22:15 SAST" name="flightConfirmationPageTest" finished-at="2024-10-21T12:22:17 SAST" depends-on-methods="com.thabangs.tests.flightreservation.FlightReservationTest.selectFlightPageTest" duration-ms="1807" status="FAIL">
          <exception class="org.openqa.selenium.ElementNotInteractableException">
            <message>
              <![CDATA[Element <option> could not be scrolled into view
Build info: version: '4.23.0', revision: '4df0a231af'
System info: os.name: 'Windows 11', os.arch: 'amd64', os.version: '10.0', java.version: '21.0.1'
Driver info: org.openqa.selenium.firefox.FirefoxDriver
Command: [092e30bf-b3b9-40ba-bebb-584fd0a029be, clickElement {id=1bd0bd84-f0ae-4bf3-a085-f8e8ed7a8b30}]
Capabilities {acceptInsecureCerts: true, browserName: firefox, browserVersion: 131.0.3, moz:accessibilityChecks: false, moz:buildID: 20241011205646, moz:debuggerAddress: 127.0.0.1:39851, moz:geckodriverVersion: 0.35.0, moz:headless: false, moz:platformVersion: 10.0, moz:processID: 23356, moz:profile: C:\Users\ThabangM\AppData\L..., moz:shutdownTimeout: 60000, moz:webdriverClick: true, moz:windowless: false, pageLoadStrategy: normal, platformName: windows, proxy: Proxy(), se:cdp: ws://127.0.0.1:39851/devtoo..., se:cdpVersion: 85.0, setWindowRect: true, strictFileInteractability: false, timeouts: {implicit: 0, pageLoad: 300000, script: 30000}, unhandledPromptBehavior: dismiss and notify, userAgent: Mozilla/5.0 (Windows NT 10....}
Element: [[[[FirefoxDriver: firefox on windows (092e30bf-b3b9-40ba-bebb-584fd0a029be)] -> id: depart-from]] -> tag name: option]
Session ID: 092e30bf-b3b9-40ba-bebb-584fd0a029be]]>
            </message>
            <full-stacktrace>
              <![CDATA[org.openqa.selenium.ElementNotInteractableException: Element <option> could not be scrolled into view
Build info: version: '4.23.0', revision: '4df0a231af'
System info: os.name: 'Windows 11', os.arch: 'amd64', os.version: '10.0', java.version: '21.0.1'
Driver info: org.openqa.selenium.firefox.FirefoxDriver
Command: [092e30bf-b3b9-40ba-bebb-584fd0a029be, clickElement {id=1bd0bd84-f0ae-4bf3-a085-f8e8ed7a8b30}]
Capabilities {acceptInsecureCerts: true, browserName: firefox, browserVersion: 131.0.3, moz:accessibilityChecks: false, moz:buildID: 20241011205646, moz:debuggerAddress: 127.0.0.1:39851, moz:geckodriverVersion: 0.35.0, moz:headless: false, moz:platformVersion: 10.0, moz:processID: 23356, moz:profile: C:\Users\ThabangM\AppData\L..., moz:shutdownTimeout: 60000, moz:webdriverClick: true, moz:windowless: false, pageLoadStrategy: normal, platformName: windows, proxy: Proxy(), se:cdp: ws://127.0.0.1:39851/devtoo..., se:cdpVersion: 85.0, setWindowRect: true, strictFileInteractability: false, timeouts: {implicit: 0, pageLoad: 300000, script: 30000}, unhandledPromptBehavior: dismiss and notify, userAgent: Mozilla/5.0 (Windows NT 10....}
Element: [[[[FirefoxDriver: firefox on windows (092e30bf-b3b9-40ba-bebb-584fd0a029be)] -> id: depart-from]] -> tag name: option]
Session ID: 092e30bf-b3b9-40ba-bebb-584fd0a029be
at java.base/jdk.internal.reflect.DirectConstructorHandleAccessor.newInstance(DirectConstructorHandleAccessor.java:62)
at java.base/java.lang.reflect.Constructor.newInstanceWithCaller(Constructor.java:502)
at java.base/java.lang.reflect.Constructor.newInstance(Constructor.java:486)
at org.openqa.selenium.remote.ErrorCodec.decode(ErrorCodec.java:167)
at org.openqa.selenium.remote.codec.w3c.W3CHttpResponseCodec.decode(W3CHttpResponseCodec.java:138)
at org.openqa.selenium.remote.codec.w3c.W3CHttpResponseCodec.decode(W3CHttpResponseCodec.java:50)
at org.openqa.selenium.remote.HttpCommandExecutor.execute(HttpCommandExecutor.java:190)
at org.openqa.selenium.remote.service.DriverCommandExecutor.invokeExecute(DriverCommandExecutor.java:216)
at org.openqa.selenium.remote.service.DriverCommandExecutor.execute(DriverCommandExecutor.java:174)
at org.openqa.selenium.remote.RemoteWebDriver.execute(RemoteWebDriver.java:527)
at org.openqa.selenium.remote.RemoteWebElement.execute(RemoteWebElement.java:223)
at org.openqa.selenium.remote.RemoteWebElement.click(RemoteWebElement.java:76)
at org.openqa.selenium.support.ui.Select.setSelected(Select.java:315)
at org.openqa.selenium.support.ui.Select.setSelectedByIndex(Select.java:299)
at org.openqa.selenium.support.ui.Select.selectByIndex(Select.java:179)
at com.thabangs.pages.flightreservation.FlightSearchPage.selectRandomOption(FlightSearchPage.java:152)
at com.thabangs.pages.flightreservation.FlightSearchPage.enterRandomFlightDetails(FlightSearchPage.java:137)
at com.thabangs.tests.flightreservation.FlightReservationTest.flightConfirmationPageTest(FlightReservationTest.java:102)
at java.base/jdk.internal.reflect.DirectMethodHandleAccessor.invoke(DirectMethodHandleAccessor.java:103)
at java.base/java.lang.reflect.Method.invoke(Method.java:580)
at org.testng.internal.invokers.MethodInvocationHelper.invokeMethod(MethodInvocationHelper.java:141)
at org.testng.internal.invokers.TestInvoker.invokeMethod(TestInvoker.java:686)
at org.testng.internal.invokers.TestInvoker.invokeTestMethod(TestInvoker.java:230)
at org.testng.internal.invokers.MethodRunner.runInSequence(MethodRunner.java:63)
at org.testng.internal.invokers.TestInvoker$MethodInvocationAgent.invoke(TestInvoker.java:992)
at org.testng.internal.invokers.TestInvoker.invokeTestMethods(TestInvoker.java:203)
at org.testng.internal.invokers.TestMethodWorker.invokeTestMethods(TestMethodWorker.java:154)
at org.testng.internal.invokers.TestMethodWorker.run(TestMethodWorker.java:134)
at java.base/java.util.ArrayList.forEach(ArrayList.java:1596)
at org.testng.TestRunner.privateRun(TestRunner.java:739)
at org.testng.TestRunner.run(TestRunner.java:614)
at org.testng.SuiteRunner.runTest(SuiteRunner.java:421)
at org.testng.SuiteRunner.runSequentially(SuiteRunner.java:413)
at org.testng.SuiteRunner.privateRun(SuiteRunner.java:373)
at org.testng.SuiteRunner.run(SuiteRunner.java:312)
at org.testng.SuiteRunnerWorker.runSuite(SuiteRunnerWorker.java:52)
at org.testng.SuiteRunnerWorker.run(SuiteRunnerWorker.java:95)
at org.testng.TestNG.runSuitesSequentially(TestNG.java:1274)
at org.testng.TestNG.runSuitesLocally(TestNG.java:1208)
at org.testng.TestNG.runSuites(TestNG.java:1112)
at org.testng.TestNG.run(TestNG.java:1079)
at org.apache.maven.surefire.testng.TestNGExecutor.run(TestNGExecutor.java:308)
at org.apache.maven.surefire.testng.TestNGXmlTestSuite.execute(TestNGXmlTestSuite.java:71)
at org.apache.maven.surefire.testng.TestNGProvider.invoke(TestNGProvider.java:113)
at org.apache.maven.surefire.booter.ForkedBooter.runSuitesInProcess(ForkedBooter.java:385)
at org.apache.maven.surefire.booter.ForkedBooter.execute(ForkedBooter.java:162)
at org.apache.maven.surefire.booter.ForkedBooter.run(ForkedBooter.java:507)
at org.apache.maven.surefire.booter.ForkedBooter.main(ForkedBooter.java:495)
]]>
            </full-stacktrace>
          </exception> <!-- org.openqa.selenium.ElementNotInteractableException -->
          <reporter-output>
          </reporter-output>
        </test-method> <!-- flightConfirmationPageTest -->
        <test-method is-config="true" signature="closeDriver()[pri:0, instance:com.thabangs.tests.flightreservation.FlightReservationTest@68c9d179]" started-at="2024-10-21T12:22:17 SAST" name="closeDriver" finished-at="2024-10-21T12:22:17 SAST" duration-ms="646" status="PASS">
          <reporter-output>
          </reporter-output>
        </test-method> <!-- closeDriver -->
      </class> <!-- com.thabangs.tests.flightreservation.FlightReservationTest -->
    </test> <!-- passengers-count -->
  </suite> <!-- flight-reservation -->
</testng-results>
